2020-06-06 14:03:11 INFO  Base:45 - Starting Test Case : doLogin
2020-06-06 14:03:11 INFO  Base:64 - Inside PayloadConverter function
2020-06-06 14:03:11 INFO  Base:88 - Inside POSTRequest call
2020-06-06 14:03:13 DEBUG BasicClientConnectionManager:164 - Get connection for route {s}->https://v57pmk39lf.execute-api.us-east-1.amazonaws.com:443
2020-06-06 14:03:13 DEBUG DefaultClientConnectionOperator:176 - Connecting to v57pmk39lf.execute-api.us-east-1.amazonaws.com:443
2020-06-06 14:03:13 DEBUG RequestAddCookies:122 - CookieSpec selected: ignoreCookies
2020-06-06 14:03:13 DEBUG RequestAuthCache:76 - Auth cache not set in the context
2020-06-06 14:03:13 DEBUG RequestTargetAuthentication:79 - Target auth state: UNCHALLENGED
2020-06-06 14:03:13 DEBUG RequestProxyAuthentication:88 - Proxy auth state: UNCHALLENGED
2020-06-06 14:03:13 DEBUG DefaultHttpClient:684 - Attempt 1 to execute request
2020-06-06 14:03:13 DEBUG DefaultClientConnection:276 - Sending request: POST /prod/user-auth HTTP/1.1
2020-06-06 14:03:13 DEBUG wire:72 -  >> "POST /prod/user-auth HTTP/1.1[\r][\n]"
2020-06-06 14:03:13 DEBUG wire:72 -  >> "Accept: */*[\r][\n]"
2020-06-06 14:03:13 DEBUG wire:72 -  >> "Content-Type: application/json; charset=UTF-8[\r][\n]"
2020-06-06 14:03:13 DEBUG wire:72 -  >> "Content-Length: 62[\r][\n]"
2020-06-06 14:03:13 DEBUG wire:72 -  >> "Host: v57pmk39lf.execute-api.us-east-1.amazonaws.com[\r][\n]"
2020-06-06 14:03:13 DEBUG wire:72 -  >> "Connection: Keep-Alive[\r][\n]"
2020-06-06 14:03:13 DEBUG wire:72 -  >> "User-Agent: Apache-HttpClient/4.5.2 (Java/1.8.0_242)[\r][\n]"
2020-06-06 14:03:13 DEBUG wire:72 -  >> "Accept-Encoding: gzip,deflate[\r][\n]"
2020-06-06 14:03:13 DEBUG wire:72 -  >> "[\r][\n]"
2020-06-06 14:03:13 DEBUG headers:280 - >> POST /prod/user-auth HTTP/1.1
2020-06-06 14:03:13 DEBUG headers:283 - >> Accept: */*
2020-06-06 14:03:13 DEBUG headers:283 - >> Content-Type: application/json; charset=UTF-8
2020-06-06 14:03:13 DEBUG headers:283 - >> Content-Length: 62
2020-06-06 14:03:13 DEBUG headers:283 - >> Host: v57pmk39lf.execute-api.us-east-1.amazonaws.com
2020-06-06 14:03:13 DEBUG headers:283 - >> Connection: Keep-Alive
2020-06-06 14:03:13 DEBUG headers:283 - >> User-Agent: Apache-HttpClient/4.5.2 (Java/1.8.0_242)
2020-06-06 14:03:13 DEBUG headers:283 - >> Accept-Encoding: gzip,deflate
2020-06-06 14:03:13 DEBUG wire:72 -  >> "{[\n]"
2020-06-06 14:03:13 DEBUG wire:72 -  >> "  "username":"jmikecan",[\n]"
2020-06-06 14:03:13 DEBUG wire:72 -  >> "  "password":"Izaan@jmikecan@123"[\n]"
2020-06-06 14:03:13 DEBUG wire:86 -  >> "}"
2020-06-06 14:03:14 DEBUG wire:72 -  << "HTTP/1.1 200 OK[\r][\n]"
2020-06-06 14:03:14 DEBUG wire:72 -  << "Content-Type: application/json[\r][\n]"
2020-06-06 14:03:14 DEBUG wire:72 -  << "Content-Length: 3899[\r][\n]"
2020-06-06 14:03:14 DEBUG wire:72 -  << "Connection: keep-alive[\r][\n]"
2020-06-06 14:03:14 DEBUG wire:72 -  << "Date: Sat, 06 Jun 2020 18:03:14 GMT[\r][\n]"
2020-06-06 14:03:14 DEBUG wire:72 -  << "x-amzn-RequestId: b8ca703b-70a1-4aa0-b556-e0df790d51ae[\r][\n]"
2020-06-06 14:03:14 DEBUG wire:72 -  << "Access-Control-Allow-Origin: *[\r][\n]"
2020-06-06 14:03:14 DEBUG wire:72 -  << "x-amz-apigw-id: Nt8PSHkQoAMFQCQ=[\r][\n]"
2020-06-06 14:03:14 DEBUG wire:72 -  << "X-Amzn-Trace-Id: Root=1-5edbda61-42ab91c00112bf10bd8241e0;Sampled=0[\r][\n]"
2020-06-06 14:03:14 DEBUG wire:72 -  << "X-Cache: Miss from cloudfront[\r][\n]"
2020-06-06 14:03:14 DEBUG wire:72 -  << "Via: 1.1 a2b911ba341aa7e1e7d2f292be789000.cloudfront.net (CloudFront)[\r][\n]"
2020-06-06 14:03:14 DEBUG wire:72 -  << "X-Amz-Cf-Pop: EWR52-C4[\r][\n]"
2020-06-06 14:03:14 DEBUG wire:72 -  << "X-Amz-Cf-Id: YJrx6RaaCo50Icbf4xmf5WtylSfjx5UKhmYPSAvclJ1Fn_KRQU7syg==[\r][\n]"
2020-06-06 14:03:14 DEBUG wire:72 -  << "[\r][\n]"
2020-06-06 14:03:14 DEBUG DefaultClientConnection:261 - Receiving response: HTTP/1.1 200 OK
2020-06-06 14:03:14 DEBUG headers:264 - << HTTP/1.1 200 OK
2020-06-06 14:03:14 DEBUG headers:267 - << Content-Type: application/json
2020-06-06 14:03:14 DEBUG headers:267 - << Content-Length: 3899
2020-06-06 14:03:14 DEBUG headers:267 - << Connection: keep-alive
2020-06-06 14:03:14 DEBUG headers:267 - << Date: Sat, 06 Jun 2020 18:03:14 GMT
2020-06-06 14:03:14 DEBUG headers:267 - << x-amzn-RequestId: b8ca703b-70a1-4aa0-b556-e0df790d51ae
2020-06-06 14:03:14 DEBUG headers:267 - << Access-Control-Allow-Origin: *
2020-06-06 14:03:14 DEBUG headers:267 - << x-amz-apigw-id: Nt8PSHkQoAMFQCQ=
2020-06-06 14:03:14 DEBUG headers:267 - << X-Amzn-Trace-Id: Root=1-5edbda61-42ab91c00112bf10bd8241e0;Sampled=0
2020-06-06 14:03:14 DEBUG headers:267 - << X-Cache: Miss from cloudfront
2020-06-06 14:03:14 DEBUG headers:267 - << Via: 1.1 a2b911ba341aa7e1e7d2f292be789000.cloudfront.net (CloudFront)
2020-06-06 14:03:14 DEBUG headers:267 - << X-Amz-Cf-Pop: EWR52-C4
2020-06-06 14:03:14 DEBUG headers:267 - << X-Amz-Cf-Id: YJrx6RaaCo50Icbf4xmf5WtylSfjx5UKhmYPSAvclJ1Fn_KRQU7syg==
2020-06-06 14:03:14 DEBUG DefaultHttpClient:511 - Connection can be kept alive indefinitely
2020-06-06 14:03:14 DEBUG RequestSpecificationImpl$RestAssuredHttpBuilder:545 - Parsing response as: application/json
2020-06-06 14:03:14 DEBUG RequestSpecificationImpl$RestAssuredHttpBuilder:548 - Parsed data to instance of: class org.apache.http.conn.EofSensorInputStream
2020-06-06 14:03:14 DEBUG Base:92 - io.restassured.internal.RequestSpecificationImpl@4a194c39
2020-06-06 14:03:14 DEBUG wire:86 -  << "{"accessToken":"eyJraWQiOiJFQjZZVTgyUTA2Y1J4bDd5bWxGeEl5a0plaTJPdW5ENU8xMVNUd1FjMWFRPSIsImFsZyI6IlJTMjU2In0.eyJzdWIiOiIwZDRkMDQzMi0yMjdkLTQ3NjEtYTA5YS03YzdmOTgyOTkwMWIiLCJldmVudF9pZCI6IjQxMmIzYjA2LTUyZDgtNDE2OC04NmE2LTZhYzc5YTJmMDE5YyIsInRva2VuX3VzZSI6ImFjY2VzcyIsInNjb3BlIjoiYXdzLmNvZ25pdG8uc2lnbmluLnVzZXIuYWRtaW4iLCJhdXRoX3RpbWUiOjE1OTE0NjY1OTQsImlzcyI6Imh0dHBzOlwvXC9jb2duaXRvLWlkcC51cy1lYXN0LTEuYW1hem9uYXdzLmNvbVwvdXMtZWFzdC0xX0F6SDFYSUpPUCIsImV4cCI6MTU5MTQ3MDE5NCwiaWF0IjoxNTkxNDY2NTk0LCJqdGkiOiI0MzQ0NTMyMC1jYzVlLTRlZmQtOTQ0My0zYTYzMjU3MjYyMDciLCJjbGllbnRfaWQiOiI1bjhybmo0cDVoZHVqcG5qcWltaHAxanQ4YyIsInVzZXJuYW1lIjoiam1pa2VjYW4ifQ.LjUuBcprCETlwwBhPllRbPMaERSdd0MJrbQKJfoVVr6Tx9U8fVDbPuMZX-cJzEhO3L2QK16jNp73VBkb3GedVCN_5SOYBbQVX7BHAD2lfKijgT8u53GSbWiI2YIUGl2IO2R042HgKxnqS7FQk8yvZ-lM8NtGA3AKSVnLZkzGwsb_fv9diOMicExQJKVVUbHqERKK7SatE-VdfrXRTFoAkZZx8sJZgBUBmiTO_M4gdJUenq9bHGxF-GB0Ig8sa9-e6jqPEj61vPEHRAFxbKq3BCt8eOKGf4L49Lspaw2GJNIogXLX88lxaMnj3FG790OaQpeCeYYXzGm-LBmWnwNv4Q","expiresIn":3600,"idToken":"eyJraWQiOiJWenpHQ0pkSVwvUVk0WWJVbnNmSzJcL0F3TUhYcGI3SU1VZ0hHVzZYWnN4Z009IiwiYWxnIjoiUlMyNTYifQ.eyJzdWIiOiIwZDRkMDQzMi0yMjdkLTQ3NjEtYTA5YS03YzdmOTgyOTkwMWIiLCJhdWQiOiI1bjhybmo0cDVoZHVqcG5qcWltaHAxanQ4YyIsImVtYWlsX3ZlcmlmaWVkIjp0cnVlLCJldmVudF9pZCI6IjQxMmIzYjA2LTUyZDgtNDE2OC04NmE2LTZhYzc5YTJmMDE5YyIsInRva2VuX3VzZSI6ImlkIiwiYXV0aF90aW1lIjoxNTkxNDY2NTk0LCJpc3MiOiJodHRwczpcL1wvY29nbml0by1pZHAudXMtZWFzdC0xLmFtYXpvbmF3cy5jb21cL3VzLWVhc3QtMV9BekgxWElKT1AiLCJjb2duaXRvOnVzZXJuYW1lIjoiam1pa2VjYW4iLCJleHAiOjE1OTE0NzAxOTQsImlhdCI6MTU5MTQ2NjU5NCwiZW1haWwiOiJtci5taWNoYWVsd2l0dGVyQGdtYWlsLmNvbSJ9.fh2u8int7OEo1pLEJ0ye2bkRqNL1bKY3yE40iZWLrt1yAkZFLxepJLFamOjoz-GFLb_BlP076xOYJnJ6E9djVUjzuvazRbxH4RYaxLnt3-VKjGEM6lwjweLt2RBZhr9lGdg_Ln24K7GT3DJgvHf0ooCdr8YVY3ieQAdQNBVdGx73Id0IxBcNXKJg1PXN-XFpeHDcbGzDI3uEqYDTWy6JL3OPcIVqhMRHED4JgNE4ZqczW-6M9pSg5plMOmIYEU-uT2w4coxjC0bNiwl2XfaIWy-dhhWcax49gbYAvhWNVh5_6fxCw7FZJuvhhbtSeoIivou1YqSOHYx-_CKjtIuR2g","refreshToken":"eyJjdHkiOiJKV1QiLCJlbmMiOiJBMjU2R0NNIiwiYWxnIjoiUlNBLU9BRVAifQ.MKJQbOQ7dW4Fx5uM3zCktBPF7fauSgBc677VkPao3Wo5L1gHA2oyGAqU5POlRcS99-qDgHVGbajnDQCKS4IGg5ZWJr9D1mva3lT7XYBaqPIa3bec-bAxE3p281r5JFIFZqSCku1JGxFbygt-aUay23iF2DutmfZr8HPogvAorBhzjIRrrxyiZ5j8r3rNyK9vkjn7BaLJA9KIM45pZfV5C8Jleto8gAbDESBpq5xwR1yS7dY2mm3xKgvC4T4LOMdWPoVrNCnJHq9lLuCzEBGwjNzegemBqh0edLK1qouk1y6tkpIFHZGApGaxoNgM7C5DiMraA-Hi9FeMZwWYuCjGuw.hkUJ4QbL3RvSZMAp.4W-7BBy4-PAHX4RHLGDhh5y2TY_LmCRK4rhtGT_9A4GXs660u6DgmY3YyZl_xLtV_aqCEUshGLRk7IClZJAOIrXK6v0PByfUpaheOBlf8dL2Hv8sGeTg6Je5h5n-_h59JKWL4KpNFC-qF0RNVRUkRtYwmgoGyglKc5-lK0D6T8oXpmqxClnQij0G89nzUiPOGM-OIjbS93Oeei7UQiKT2aqhezotdMVekcuWBYU04ATT57GJkbrzGroRHDikFCRfYL_bIm21F_ab4ertdJRc2e8IlKgZFHHeo2FF7Lxze7mULzFabrF9mH0UTa1nmKFJXWJMtUk4sMsKrXbC7UQrnRTHk0mHtfM8jnuNp-_lOASJVZvSBuOs0YLFT2fOtf9SxZc71wiji-wjc-jtZif9R7S6Z83CUjAuDqGC6PfX0oFuy3JY7F5Wj26XAeQwQC42GPC0T9mZXvzKbn_v-P-fkPzIlnhxaJ8NKosnZXQhR1XKGlSW4aHVw1fQuWBnZMmzpT4NJ7NS811Kw-s38bbr6lkM9irkAJ7rj14HjjLK5B2uh79x5lnjF3GhhY5GssEhwaDHy3ZEJ6PgxK9CV3768eQ3MM7Y8_usHm2Zb2uz2Q9miDtePvQkw2gfQ7lRa11nRELciILoyWQbpHsVBgUDTjM7BNSVav9IxQNbzMkocuof0dJuUyO4pDmU2a7BOodX3Lv34iXsSuKFfe1-xs6CeyRyHxxN3dmM67q5hkddy-g99tM8F_uEmMDa-Hd9DF3wD_NMzx2TnuMyVyGA7EpMUSlIFYMc6RGQHocwS2r8KzBslFKfrQhmWBcQh3p2uL1jAnOriswHgL9CxyIGqvZjHmiMLRyNAQrwDRbRctht-Hrbop3wVyUsKEx_1lEcUtYzZsUu_bsO-qWbQGKdwiMvZ5Hq4RIn76JlYeWF-BboFKqIxKXqbKte8p6LcVIhJMy4LOOfN86F-qZsYcLGBWSU0EtAi72YPeFjT_pIqGu31igz5G62ITZUsG9kr2F-tPEMyb3Q8I2XgGSA0ZiMCU4Au0YkVr58uu98zmdm759c8cZ8QmVnHCUOH0NvCOe7jgXIZz-20SoGDiboLn-Ie5BBHMSDK7SB_eK3i13jamwJ8rFnMciHIVpHTL1PsQ_dL2YpWNELXH0Oo5wj6xHkBrkX7CJxPvlKCTOem1o2E23jTiptfN4IdpshPofXLkJ69iaBsZBwO8dGA1rLLqrPfQoXWDFxTLx67YHOsGPqRoR8Vt9kIApTjPrKEQTHvtOfBpJrhTE_k_Az.BlXWmS50faLRd-TDxh60uA","tokenType":"Bearer","message":"success","data":{"userType":"TRIAL_STUDENT","firstName":"Michael","lastName":"Witter","username":"jmikecan","email":"mr.michaelwitter@gmail.com","expireDate":"00/00/0000"}}"
2020-06-06 14:03:14 DEBUG BasicClientConnectionManager:203 - Releasing connection org.apache.http.impl.conn.ManagedClientConnectionImpl@2ceb80a1
2020-06-06 14:03:14 DEBUG BasicClientConnectionManager:228 - Connection can be kept alive indefinitely
2020-06-06 14:03:14 INFO  Base:48 - Login Response Body: {"accessToken":"eyJraWQiOiJFQjZZVTgyUTA2Y1J4bDd5bWxGeEl5a0plaTJPdW5ENU8xMVNUd1FjMWFRPSIsImFsZyI6IlJTMjU2In0.eyJzdWIiOiIwZDRkMDQzMi0yMjdkLTQ3NjEtYTA5YS03YzdmOTgyOTkwMWIiLCJldmVudF9pZCI6IjQxMmIzYjA2LTUyZDgtNDE2OC04NmE2LTZhYzc5YTJmMDE5YyIsInRva2VuX3VzZSI6ImFjY2VzcyIsInNjb3BlIjoiYXdzLmNvZ25pdG8uc2lnbmluLnVzZXIuYWRtaW4iLCJhdXRoX3RpbWUiOjE1OTE0NjY1OTQsImlzcyI6Imh0dHBzOlwvXC9jb2duaXRvLWlkcC51cy1lYXN0LTEuYW1hem9uYXdzLmNvbVwvdXMtZWFzdC0xX0F6SDFYSUpPUCIsImV4cCI6MTU5MTQ3MDE5NCwiaWF0IjoxNTkxNDY2NTk0LCJqdGkiOiI0MzQ0NTMyMC1jYzVlLTRlZmQtOTQ0My0zYTYzMjU3MjYyMDciLCJjbGllbnRfaWQiOiI1bjhybmo0cDVoZHVqcG5qcWltaHAxanQ4YyIsInVzZXJuYW1lIjoiam1pa2VjYW4ifQ.LjUuBcprCETlwwBhPllRbPMaERSdd0MJrbQKJfoVVr6Tx9U8fVDbPuMZX-cJzEhO3L2QK16jNp73VBkb3GedVCN_5SOYBbQVX7BHAD2lfKijgT8u53GSbWiI2YIUGl2IO2R042HgKxnqS7FQk8yvZ-lM8NtGA3AKSVnLZkzGwsb_fv9diOMicExQJKVVUbHqERKK7SatE-VdfrXRTFoAkZZx8sJZgBUBmiTO_M4gdJUenq9bHGxF-GB0Ig8sa9-e6jqPEj61vPEHRAFxbKq3BCt8eOKGf4L49Lspaw2GJNIogXLX88lxaMnj3FG790OaQpeCeYYXzGm-LBmWnwNv4Q","expiresIn":3600,"idToken":"eyJraWQiOiJWenpHQ0pkSVwvUVk0WWJVbnNmSzJcL0F3TUhYcGI3SU1VZ0hHVzZYWnN4Z009IiwiYWxnIjoiUlMyNTYifQ.eyJzdWIiOiIwZDRkMDQzMi0yMjdkLTQ3NjEtYTA5YS03YzdmOTgyOTkwMWIiLCJhdWQiOiI1bjhybmo0cDVoZHVqcG5qcWltaHAxanQ4YyIsImVtYWlsX3ZlcmlmaWVkIjp0cnVlLCJldmVudF9pZCI6IjQxMmIzYjA2LTUyZDgtNDE2OC04NmE2LTZhYzc5YTJmMDE5YyIsInRva2VuX3VzZSI6ImlkIiwiYXV0aF90aW1lIjoxNTkxNDY2NTk0LCJpc3MiOiJodHRwczpcL1wvY29nbml0by1pZHAudXMtZWFzdC0xLmFtYXpvbmF3cy5jb21cL3VzLWVhc3QtMV9BekgxWElKT1AiLCJjb2duaXRvOnVzZXJuYW1lIjoiam1pa2VjYW4iLCJleHAiOjE1OTE0NzAxOTQsImlhdCI6MTU5MTQ2NjU5NCwiZW1haWwiOiJtci5taWNoYWVsd2l0dGVyQGdtYWlsLmNvbSJ9.fh2u8int7OEo1pLEJ0ye2bkRqNL1bKY3yE40iZWLrt1yAkZFLxepJLFamOjoz-GFLb_BlP076xOYJnJ6E9djVUjzuvazRbxH4RYaxLnt3-VKjGEM6lwjweLt2RBZhr9lGdg_Ln24K7GT3DJgvHf0ooCdr8YVY3ieQAdQNBVdGx73Id0IxBcNXKJg1PXN-XFpeHDcbGzDI3uEqYDTWy6JL3OPcIVqhMRHED4JgNE4ZqczW-6M9pSg5plMOmIYEU-uT2w4coxjC0bNiwl2XfaIWy-dhhWcax49gbYAvhWNVh5_6fxCw7FZJuvhhbtSeoIivou1YqSOHYx-_CKjtIuR2g","refreshToken":"eyJjdHkiOiJKV1QiLCJlbmMiOiJBMjU2R0NNIiwiYWxnIjoiUlNBLU9BRVAifQ.MKJQbOQ7dW4Fx5uM3zCktBPF7fauSgBc677VkPao3Wo5L1gHA2oyGAqU5POlRcS99-qDgHVGbajnDQCKS4IGg5ZWJr9D1mva3lT7XYBaqPIa3bec-bAxE3p281r5JFIFZqSCku1JGxFbygt-aUay23iF2DutmfZr8HPogvAorBhzjIRrrxyiZ5j8r3rNyK9vkjn7BaLJA9KIM45pZfV5C8Jleto8gAbDESBpq5xwR1yS7dY2mm3xKgvC4T4LOMdWPoVrNCnJHq9lLuCzEBGwjNzegemBqh0edLK1qouk1y6tkpIFHZGApGaxoNgM7C5DiMraA-Hi9FeMZwWYuCjGuw.hkUJ4QbL3RvSZMAp.4W-7BBy4-PAHX4RHLGDhh5y2TY_LmCRK4rhtGT_9A4GXs660u6DgmY3YyZl_xLtV_aqCEUshGLRk7IClZJAOIrXK6v0PByfUpaheOBlf8dL2Hv8sGeTg6Je5h5n-_h59JKWL4KpNFC-qF0RNVRUkRtYwmgoGyglKc5-lK0D6T8oXpmqxClnQij0G89nzUiPOGM-OIjbS93Oeei7UQiKT2aqhezotdMVekcuWBYU04ATT57GJkbrzGroRHDikFCRfYL_bIm21F_ab4ertdJRc2e8IlKgZFHHeo2FF7Lxze7mULzFabrF9mH0UTa1nmKFJXWJMtUk4sMsKrXbC7UQrnRTHk0mHtfM8jnuNp-_lOASJVZvSBuOs0YLFT2fOtf9SxZc71wiji-wjc-jtZif9R7S6Z83CUjAuDqGC6PfX0oFuy3JY7F5Wj26XAeQwQC42GPC0T9mZXvzKbn_v-P-fkPzIlnhxaJ8NKosnZXQhR1XKGlSW4aHVw1fQuWBnZMmzpT4NJ7NS811Kw-s38bbr6lkM9irkAJ7rj14HjjLK5B2uh79x5lnjF3GhhY5GssEhwaDHy3ZEJ6PgxK9CV3768eQ3MM7Y8_usHm2Zb2uz2Q9miDtePvQkw2gfQ7lRa11nRELciILoyWQbpHsVBgUDTjM7BNSVav9IxQNbzMkocuof0dJuUyO4pDmU2a7BOodX3Lv34iXsSuKFfe1-xs6CeyRyHxxN3dmM67q5hkddy-g99tM8F_uEmMDa-Hd9DF3wD_NMzx2TnuMyVyGA7EpMUSlIFYMc6RGQHocwS2r8KzBslFKfrQhmWBcQh3p2uL1jAnOriswHgL9CxyIGqvZjHmiMLRyNAQrwDRbRctht-Hrbop3wVyUsKEx_1lEcUtYzZsUu_bsO-qWbQGKdwiMvZ5Hq4RIn76JlYeWF-BboFKqIxKXqbKte8p6LcVIhJMy4LOOfN86F-qZsYcLGBWSU0EtAi72YPeFjT_pIqGu31igz5G62ITZUsG9kr2F-tPEMyb3Q8I2XgGSA0ZiMCU4Au0YkVr58uu98zmdm759c8cZ8QmVnHCUOH0NvCOe7jgXIZz-20SoGDiboLn-Ie5BBHMSDK7SB_eK3i13jamwJ8rFnMciHIVpHTL1PsQ_dL2YpWNELXH0Oo5wj6xHkBrkX7CJxPvlKCTOem1o2E23jTiptfN4IdpshPofXLkJ69iaBsZBwO8dGA1rLLqrPfQoXWDFxTLx67YHOsGPqRoR8Vt9kIApTjPrKEQTHvtOfBpJrhTE_k_Az.BlXWmS50faLRd-TDxh60uA","tokenType":"Bearer","message":"success","data":{"userType":"TRIAL_STUDENT","firstName":"Michael","lastName":"Witter","username":"jmikecan","email":"mr.michaelwitter@gmail.com","expireDate":"00/00/0000"}}
2020-06-06 14:03:14 INFO  TestUtils:15 - Converting Response to String
2020-06-06 14:03:14 DEBUG TestUtils:17 - String Response{"accessToken":"eyJraWQiOiJFQjZZVTgyUTA2Y1J4bDd5bWxGeEl5a0plaTJPdW5ENU8xMVNUd1FjMWFRPSIsImFsZyI6IlJTMjU2In0.eyJzdWIiOiIwZDRkMDQzMi0yMjdkLTQ3NjEtYTA5YS03YzdmOTgyOTkwMWIiLCJldmVudF9pZCI6IjQxMmIzYjA2LTUyZDgtNDE2OC04NmE2LTZhYzc5YTJmMDE5YyIsInRva2VuX3VzZSI6ImFjY2VzcyIsInNjb3BlIjoiYXdzLmNvZ25pdG8uc2lnbmluLnVzZXIuYWRtaW4iLCJhdXRoX3RpbWUiOjE1OTE0NjY1OTQsImlzcyI6Imh0dHBzOlwvXC9jb2duaXRvLWlkcC51cy1lYXN0LTEuYW1hem9uYXdzLmNvbVwvdXMtZWFzdC0xX0F6SDFYSUpPUCIsImV4cCI6MTU5MTQ3MDE5NCwiaWF0IjoxNTkxNDY2NTk0LCJqdGkiOiI0MzQ0NTMyMC1jYzVlLTRlZmQtOTQ0My0zYTYzMjU3MjYyMDciLCJjbGllbnRfaWQiOiI1bjhybmo0cDVoZHVqcG5qcWltaHAxanQ4YyIsInVzZXJuYW1lIjoiam1pa2VjYW4ifQ.LjUuBcprCETlwwBhPllRbPMaERSdd0MJrbQKJfoVVr6Tx9U8fVDbPuMZX-cJzEhO3L2QK16jNp73VBkb3GedVCN_5SOYBbQVX7BHAD2lfKijgT8u53GSbWiI2YIUGl2IO2R042HgKxnqS7FQk8yvZ-lM8NtGA3AKSVnLZkzGwsb_fv9diOMicExQJKVVUbHqERKK7SatE-VdfrXRTFoAkZZx8sJZgBUBmiTO_M4gdJUenq9bHGxF-GB0Ig8sa9-e6jqPEj61vPEHRAFxbKq3BCt8eOKGf4L49Lspaw2GJNIogXLX88lxaMnj3FG790OaQpeCeYYXzGm-LBmWnwNv4Q","expiresIn":3600,"idToken":"eyJraWQiOiJWenpHQ0pkSVwvUVk0WWJVbnNmSzJcL0F3TUhYcGI3SU1VZ0hHVzZYWnN4Z009IiwiYWxnIjoiUlMyNTYifQ.eyJzdWIiOiIwZDRkMDQzMi0yMjdkLTQ3NjEtYTA5YS03YzdmOTgyOTkwMWIiLCJhdWQiOiI1bjhybmo0cDVoZHVqcG5qcWltaHAxanQ4YyIsImVtYWlsX3ZlcmlmaWVkIjp0cnVlLCJldmVudF9pZCI6IjQxMmIzYjA2LTUyZDgtNDE2OC04NmE2LTZhYzc5YTJmMDE5YyIsInRva2VuX3VzZSI6ImlkIiwiYXV0aF90aW1lIjoxNTkxNDY2NTk0LCJpc3MiOiJodHRwczpcL1wvY29nbml0by1pZHAudXMtZWFzdC0xLmFtYXpvbmF3cy5jb21cL3VzLWVhc3QtMV9BekgxWElKT1AiLCJjb2duaXRvOnVzZXJuYW1lIjoiam1pa2VjYW4iLCJleHAiOjE1OTE0NzAxOTQsImlhdCI6MTU5MTQ2NjU5NCwiZW1haWwiOiJtci5taWNoYWVsd2l0dGVyQGdtYWlsLmNvbSJ9.fh2u8int7OEo1pLEJ0ye2bkRqNL1bKY3yE40iZWLrt1yAkZFLxepJLFamOjoz-GFLb_BlP076xOYJnJ6E9djVUjzuvazRbxH4RYaxLnt3-VKjGEM6lwjweLt2RBZhr9lGdg_Ln24K7GT3DJgvHf0ooCdr8YVY3ieQAdQNBVdGx73Id0IxBcNXKJg1PXN-XFpeHDcbGzDI3uEqYDTWy6JL3OPcIVqhMRHED4JgNE4ZqczW-6M9pSg5plMOmIYEU-uT2w4coxjC0bNiwl2XfaIWy-dhhWcax49gbYAvhWNVh5_6fxCw7FZJuvhhbtSeoIivou1YqSOHYx-_CKjtIuR2g","refreshToken":"eyJjdHkiOiJKV1QiLCJlbmMiOiJBMjU2R0NNIiwiYWxnIjoiUlNBLU9BRVAifQ.MKJQbOQ7dW4Fx5uM3zCktBPF7fauSgBc677VkPao3Wo5L1gHA2oyGAqU5POlRcS99-qDgHVGbajnDQCKS4IGg5ZWJr9D1mva3lT7XYBaqPIa3bec-bAxE3p281r5JFIFZqSCku1JGxFbygt-aUay23iF2DutmfZr8HPogvAorBhzjIRrrxyiZ5j8r3rNyK9vkjn7BaLJA9KIM45pZfV5C8Jleto8gAbDESBpq5xwR1yS7dY2mm3xKgvC4T4LOMdWPoVrNCnJHq9lLuCzEBGwjNzegemBqh0edLK1qouk1y6tkpIFHZGApGaxoNgM7C5DiMraA-Hi9FeMZwWYuCjGuw.hkUJ4QbL3RvSZMAp.4W-7BBy4-PAHX4RHLGDhh5y2TY_LmCRK4rhtGT_9A4GXs660u6DgmY3YyZl_xLtV_aqCEUshGLRk7IClZJAOIrXK6v0PByfUpaheOBlf8dL2Hv8sGeTg6Je5h5n-_h59JKWL4KpNFC-qF0RNVRUkRtYwmgoGyglKc5-lK0D6T8oXpmqxClnQij0G89nzUiPOGM-OIjbS93Oeei7UQiKT2aqhezotdMVekcuWBYU04ATT57GJkbrzGroRHDikFCRfYL_bIm21F_ab4ertdJRc2e8IlKgZFHHeo2FF7Lxze7mULzFabrF9mH0UTa1nmKFJXWJMtUk4sMsKrXbC7UQrnRTHk0mHtfM8jnuNp-_lOASJVZvSBuOs0YLFT2fOtf9SxZc71wiji-wjc-jtZif9R7S6Z83CUjAuDqGC6PfX0oFuy3JY7F5Wj26XAeQwQC42GPC0T9mZXvzKbn_v-P-fkPzIlnhxaJ8NKosnZXQhR1XKGlSW4aHVw1fQuWBnZMmzpT4NJ7NS811Kw-s38bbr6lkM9irkAJ7rj14HjjLK5B2uh79x5lnjF3GhhY5GssEhwaDHy3ZEJ6PgxK9CV3768eQ3MM7Y8_usHm2Zb2uz2Q9miDtePvQkw2gfQ7lRa11nRELciILoyWQbpHsVBgUDTjM7BNSVav9IxQNbzMkocuof0dJuUyO4pDmU2a7BOodX3Lv34iXsSuKFfe1-xs6CeyRyHxxN3dmM67q5hkddy-g99tM8F_uEmMDa-Hd9DF3wD_NMzx2TnuMyVyGA7EpMUSlIFYMc6RGQHocwS2r8KzBslFKfrQhmWBcQh3p2uL1jAnOriswHgL9CxyIGqvZjHmiMLRyNAQrwDRbRctht-Hrbop3wVyUsKEx_1lEcUtYzZsUu_bsO-qWbQGKdwiMvZ5Hq4RIn76JlYeWF-BboFKqIxKXqbKte8p6LcVIhJMy4LOOfN86F-qZsYcLGBWSU0EtAi72YPeFjT_pIqGu31igz5G62ITZUsG9kr2F-tPEMyb3Q8I2XgGSA0ZiMCU4Au0YkVr58uu98zmdm759c8cZ8QmVnHCUOH0NvCOe7jgXIZz-20SoGDiboLn-Ie5BBHMSDK7SB_eK3i13jamwJ8rFnMciHIVpHTL1PsQ_dL2YpWNELXH0Oo5wj6xHkBrkX7CJxPvlKCTOem1o2E23jTiptfN4IdpshPofXLkJ69iaBsZBwO8dGA1rLLqrPfQoXWDFxTLx67YHOsGPqRoR8Vt9kIApTjPrKEQTHvtOfBpJrhTE_k_Az.BlXWmS50faLRd-TDxh60uA","tokenType":"Bearer","message":"success","data":{"userType":"TRIAL_STUDENT","firstName":"Michael","lastName":"Witter","username":"jmikecan","email":"mr.michaelwitter@gmail.com","expireDate":"00/00/0000"}}
2020-06-06 14:03:14 INFO  TestUtils:22 - Parsing String Response to JSON
2020-06-06 14:03:14 DEBUG TestUtils:24 - JSON Response: io.restassured.path.json.JsonPath@25a6944c
2020-06-06 14:03:14 INFO  Base:52 - Izaan Sesison Toekn : eyJraWQiOiJWenpHQ0pkSVwvUVk0WWJVbnNmSzJcL0F3TUhYcGI3SU1VZ0hHVzZYWnN4Z009IiwiYWxnIjoiUlMyNTYifQ.eyJzdWIiOiIwZDRkMDQzMi0yMjdkLTQ3NjEtYTA5YS03YzdmOTgyOTkwMWIiLCJhdWQiOiI1bjhybmo0cDVoZHVqcG5qcWltaHAxanQ4YyIsImVtYWlsX3ZlcmlmaWVkIjp0cnVlLCJldmVudF9pZCI6IjQxMmIzYjA2LTUyZDgtNDE2OC04NmE2LTZhYzc5YTJmMDE5YyIsInRva2VuX3VzZSI6ImlkIiwiYXV0aF90aW1lIjoxNTkxNDY2NTk0LCJpc3MiOiJodHRwczpcL1wvY29nbml0by1pZHAudXMtZWFzdC0xLmFtYXpvbmF3cy5jb21cL3VzLWVhc3QtMV9BekgxWElKT1AiLCJjb2duaXRvOnVzZXJuYW1lIjoiam1pa2VjYW4iLCJleHAiOjE1OTE0NzAxOTQsImlhdCI6MTU5MTQ2NjU5NCwiZW1haWwiOiJtci5taWNoYWVsd2l0dGVyQGdtYWlsLmNvbSJ9.fh2u8int7OEo1pLEJ0ye2bkRqNL1bKY3yE40iZWLrt1yAkZFLxepJLFamOjoz-GFLb_BlP076xOYJnJ6E9djVUjzuvazRbxH4RYaxLnt3-VKjGEM6lwjweLt2RBZhr9lGdg_Ln24K7GT3DJgvHf0ooCdr8YVY3ieQAdQNBVdGx73Id0IxBcNXKJg1PXN-XFpeHDcbGzDI3uEqYDTWy6JL3OPcIVqhMRHED4JgNE4ZqczW-6M9pSg5plMOmIYEU-uT2w4coxjC0bNiwl2XfaIWy-dhhWcax49gbYAvhWNVh5_6fxCw7FZJuvhhbtSeoIivou1YqSOHYx-_CKjtIuR2g
2020-06-06 14:03:14 INFO  Base:64 - Inside PayloadConverter function
2020-06-06 14:03:14 INFO  Base:107 - Inside POSTRequest call
2020-06-06 14:03:14 DEBUG BasicClientConnectionManager:164 - Get connection for route {s}->https://j92mpbou24.execute-api.us-east-1.amazonaws.com:443
2020-06-06 14:03:14 DEBUG DefaultClientConnectionOperator:176 - Connecting to j92mpbou24.execute-api.us-east-1.amazonaws.com:443
2020-06-06 14:03:14 DEBUG RequestAddCookies:122 - CookieSpec selected: ignoreCookies
2020-06-06 14:03:14 DEBUG RequestAuthCache:76 - Auth cache not set in the context
2020-06-06 14:03:14 DEBUG RequestProxyAuthentication:88 - Proxy auth state: UNCHALLENGED
2020-06-06 14:03:14 DEBUG DefaultHttpClient:684 - Attempt 1 to execute request
2020-06-06 14:03:14 DEBUG DefaultClientConnection:276 - Sending request: POST /class-video/get-by-course-n-filetype HTTP/1.1
2020-06-06 14:03:14 DEBUG wire:72 -  >> "POST /class-video/get-by-course-n-filetype HTTP/1.1[\r][\n]"
2020-06-06 14:03:14 DEBUG wire:72 -  >> "Authorization: eyJraWQiOiJWenpHQ0pkSVwvUVk0WWJVbnNmSzJcL0F3TUhYcGI3SU1VZ0hHVzZYWnN4Z009IiwiYWxnIjoiUlMyNTYifQ.eyJzdWIiOiIwZDRkMDQzMi0yMjdkLTQ3NjEtYTA5YS03YzdmOTgyOTkwMWIiLCJhdWQiOiI1bjhybmo0cDVoZHVqcG5qcWltaHAxanQ4YyIsImVtYWlsX3ZlcmlmaWVkIjp0cnVlLCJldmVudF9pZCI6IjQxMmIzYjA2LTUyZDgtNDE2OC04NmE2LTZhYzc5YTJmMDE5YyIsInRva2VuX3VzZSI6ImlkIiwiYXV0aF90aW1lIjoxNTkxNDY2NTk0LCJpc3MiOiJodHRwczpcL1wvY29nbml0by1pZHAudXMtZWFzdC0xLmFtYXpvbmF3cy5jb21cL3VzLWVhc3QtMV9BekgxWElKT1AiLCJjb2duaXRvOnVzZXJuYW1lIjoiam1pa2VjYW4iLCJleHAiOjE1OTE0NzAxOTQsImlhdCI6MTU5MTQ2NjU5NCwiZW1haWwiOiJtci5taWNoYWVsd2l0dGVyQGdtYWlsLmNvbSJ9.fh2u8int7OEo1pLEJ0ye2bkRqNL1bKY3yE40iZWLrt1yAkZFLxepJLFamOjoz-GFLb_BlP076xOYJnJ6E9djVUjzuvazRbxH4RYaxLnt3-VKjGEM6lwjweLt2RBZhr9lGdg_Ln24K7GT3DJgvHf0ooCdr8YVY3ieQAdQNBVdGx73Id0IxBcNXKJg1PXN-XFpeHDcbGzDI3uEqYDTWy6JL3OPcIVqhMRHED4JgNE4ZqczW-6M9pSg5plMOmIYEU-uT2w4coxjC0bNiwl2XfaIWy-dhhWcax49gbYAvhWNVh5_6fxCw7FZJuvhhbtSeoIivou1YqSOHYx-_CKjtIuR2g[\r][\n]"
2020-06-06 14:03:14 DEBUG wire:72 -  >> "Accept: */*[\r][\n]"
2020-06-06 14:03:14 DEBUG wire:72 -  >> "Content-Type: application/json; charset=UTF-8[\r][\n]"
2020-06-06 14:03:14 DEBUG wire:72 -  >> "Content-Length: 48[\r][\n]"
2020-06-06 14:03:14 DEBUG wire:72 -  >> "Host: j92mpbou24.execute-api.us-east-1.amazonaws.com[\r][\n]"
2020-06-06 14:03:14 DEBUG wire:72 -  >> "Connection: Keep-Alive[\r][\n]"
2020-06-06 14:03:14 DEBUG wire:72 -  >> "User-Agent: Apache-HttpClient/4.5.2 (Java/1.8.0_242)[\r][\n]"
2020-06-06 14:03:14 DEBUG wire:72 -  >> "Accept-Encoding: gzip,deflate[\r][\n]"
2020-06-06 14:03:14 DEBUG wire:72 -  >> "[\r][\n]"
2020-06-06 14:03:14 DEBUG headers:280 - >> POST /class-video/get-by-course-n-filetype HTTP/1.1
2020-06-06 14:03:14 DEBUG headers:283 - >> Authorization: eyJraWQiOiJWenpHQ0pkSVwvUVk0WWJVbnNmSzJcL0F3TUhYcGI3SU1VZ0hHVzZYWnN4Z009IiwiYWxnIjoiUlMyNTYifQ.eyJzdWIiOiIwZDRkMDQzMi0yMjdkLTQ3NjEtYTA5YS03YzdmOTgyOTkwMWIiLCJhdWQiOiI1bjhybmo0cDVoZHVqcG5qcWltaHAxanQ4YyIsImVtYWlsX3ZlcmlmaWVkIjp0cnVlLCJldmVudF9pZCI6IjQxMmIzYjA2LTUyZDgtNDE2OC04NmE2LTZhYzc5YTJmMDE5YyIsInRva2VuX3VzZSI6ImlkIiwiYXV0aF90aW1lIjoxNTkxNDY2NTk0LCJpc3MiOiJodHRwczpcL1wvY29nbml0by1pZHAudXMtZWFzdC0xLmFtYXpvbmF3cy5jb21cL3VzLWVhc3QtMV9BekgxWElKT1AiLCJjb2duaXRvOnVzZXJuYW1lIjoiam1pa2VjYW4iLCJleHAiOjE1OTE0NzAxOTQsImlhdCI6MTU5MTQ2NjU5NCwiZW1haWwiOiJtci5taWNoYWVsd2l0dGVyQGdtYWlsLmNvbSJ9.fh2u8int7OEo1pLEJ0ye2bkRqNL1bKY3yE40iZWLrt1yAkZFLxepJLFamOjoz-GFLb_BlP076xOYJnJ6E9djVUjzuvazRbxH4RYaxLnt3-VKjGEM6lwjweLt2RBZhr9lGdg_Ln24K7GT3DJgvHf0ooCdr8YVY3ieQAdQNBVdGx73Id0IxBcNXKJg1PXN-XFpeHDcbGzDI3uEqYDTWy6JL3OPcIVqhMRHED4JgNE4ZqczW-6M9pSg5plMOmIYEU-uT2w4coxjC0bNiwl2XfaIWy-dhhWcax49gbYAvhWNVh5_6fxCw7FZJuvhhbtSeoIivou1YqSOHYx-_CKjtIuR2g
2020-06-06 14:03:14 DEBUG headers:283 - >> Accept: */*
2020-06-06 14:03:14 DEBUG headers:283 - >> Content-Type: application/json; charset=UTF-8
2020-06-06 14:03:14 DEBUG headers:283 - >> Content-Length: 48
2020-06-06 14:03:14 DEBUG headers:283 - >> Host: j92mpbou24.execute-api.us-east-1.amazonaws.com
2020-06-06 14:03:14 DEBUG headers:283 - >> Connection: Keep-Alive
2020-06-06 14:03:14 DEBUG headers:283 - >> User-Agent: Apache-HttpClient/4.5.2 (Java/1.8.0_242)
2020-06-06 14:03:14 DEBUG headers:283 - >> Accept-Encoding: gzip,deflate
2020-06-06 14:03:14 DEBUG wire:72 -  >> "{[\n]"
2020-06-06 14:03:14 DEBUG wire:72 -  >> "  "batchNo":"QAAE2001",[\n]"
2020-06-06 14:03:14 DEBUG wire:72 -  >> "  "fileType":"Video"[\n]"
2020-06-06 14:03:14 DEBUG wire:86 -  >> "}"
2020-06-06 14:03:15 DEBUG wire:72 -  << "HTTP/1.1 200 OK[\r][\n]"
2020-06-06 14:03:15 DEBUG wire:72 -  << "Content-Type: application/json[\r][\n]"
2020-06-06 14:03:15 DEBUG wire:72 -  << "Content-Length: 9373[\r][\n]"
2020-06-06 14:03:15 DEBUG wire:72 -  << "Connection: keep-alive[\r][\n]"
2020-06-06 14:03:15 DEBUG wire:72 -  << "Date: Sat, 06 Jun 2020 18:03:15 GMT[\r][\n]"
2020-06-06 14:03:15 DEBUG wire:72 -  << "x-amzn-RequestId: ace6fafd-e164-448b-b571-dc1e380fec87[\r][\n]"
2020-06-06 14:03:15 DEBUG wire:72 -  << "Access-Control-Allow-Origin: *[\r][\n]"
2020-06-06 14:03:15 DEBUG wire:72 -  << "x-amz-apigw-id: Nt8PeHrloAMFzrg=[\r][\n]"
2020-06-06 14:03:15 DEBUG wire:72 -  << "X-Amzn-Trace-Id: Root=1-5edbda62-2d1f154c15589335c0728fe8;Sampled=0[\r][\n]"
2020-06-06 14:03:15 DEBUG wire:72 -  << "X-Cache: Miss from cloudfront[\r][\n]"
2020-06-06 14:03:15 DEBUG wire:72 -  << "Via: 1.1 492611ab933d62c1edcf5cd605df0115.cloudfront.net (CloudFront)[\r][\n]"
2020-06-06 14:03:15 DEBUG wire:72 -  << "X-Amz-Cf-Pop: EWR52-C3[\r][\n]"
2020-06-06 14:03:15 DEBUG wire:72 -  << "X-Amz-Cf-Id: ZPJy-xpPJ0oNTePgzlJp9Mv8Cyiq1lLgtPmucBkGNJX_caLmCzPoyg==[\r][\n]"
2020-06-06 14:03:15 DEBUG wire:72 -  << "[\r][\n]"
2020-06-06 14:03:15 DEBUG DefaultClientConnection:261 - Receiving response: HTTP/1.1 200 OK
2020-06-06 14:03:15 DEBUG headers:264 - << HTTP/1.1 200 OK
2020-06-06 14:03:15 DEBUG headers:267 - << Content-Type: application/json
2020-06-06 14:03:15 DEBUG headers:267 - << Content-Length: 9373
2020-06-06 14:03:15 DEBUG headers:267 - << Connection: keep-alive
2020-06-06 14:03:15 DEBUG headers:267 - << Date: Sat, 06 Jun 2020 18:03:15 GMT
2020-06-06 14:03:15 DEBUG headers:267 - << x-amzn-RequestId: ace6fafd-e164-448b-b571-dc1e380fec87
2020-06-06 14:03:15 DEBUG headers:267 - << Access-Control-Allow-Origin: *
2020-06-06 14:03:15 DEBUG headers:267 - << x-amz-apigw-id: Nt8PeHrloAMFzrg=
2020-06-06 14:03:15 DEBUG headers:267 - << X-Amzn-Trace-Id: Root=1-5edbda62-2d1f154c15589335c0728fe8;Sampled=0
2020-06-06 14:03:15 DEBUG headers:267 - << X-Cache: Miss from cloudfront
2020-06-06 14:03:15 DEBUG headers:267 - << Via: 1.1 492611ab933d62c1edcf5cd605df0115.cloudfront.net (CloudFront)
2020-06-06 14:03:15 DEBUG headers:267 - << X-Amz-Cf-Pop: EWR52-C3
2020-06-06 14:03:15 DEBUG headers:267 - << X-Amz-Cf-Id: ZPJy-xpPJ0oNTePgzlJp9Mv8Cyiq1lLgtPmucBkGNJX_caLmCzPoyg==
2020-06-06 14:03:15 DEBUG DefaultHttpClient:511 - Connection can be kept alive indefinitely
2020-06-06 14:03:15 DEBUG RequestSpecificationImpl$RestAssuredHttpBuilder:545 - Parsing response as: application/json
2020-06-06 14:03:15 DEBUG RequestSpecificationImpl$RestAssuredHttpBuilder:548 - Parsed data to instance of: class org.apache.http.conn.EofSensorInputStream
2020-06-06 14:03:15 DEBUG Base:112 - Post Request Specificationsio.restassured.internal.RequestSpecificationImpl@452ba1db
2020-06-06 14:03:15 INFO  TestUtils:15 - Converting Response to String
2020-06-06 14:03:15 DEBUG wire:86 -  << "{"message":"success","data":[{"classVideoId":"7c9bb7da-52e8-4b7d-a98b-5e0325e6283c","courseName":"QAAE","batchNo":"QAAE2001","videoFile":"Class_01_Feb_24_2020","videoTag":"SDLC","videoUrl":"https://qaae-class-videos.s3.amazonaws.com/QAAE2001/Class_01_Feb_24_2020.mp4","isActive":"Active","fileType":"Video"},{"classVideoId":"2d45075b-9c78-4f21-b886-3820dfd64d28","courseName":"QAAE","batchNo":"QAAE2001","videoFile":"Class_02_Feb_26_2020","videoTag":"SDLC, Agile, Agile Team","videoUrl":"https://qaae-class-videos.s3.amazonaws.com/QAAE2001/Class_02_Feb_26_2020.mp4","isActive":"Active","fileType":"Video"},{"classVideoId":"06ab2d5a-8c0c-4085-a118-6d320380a4a7","courseName":"QAAE","batchNo":"QAAE2001","videoFile":"Class_03_Mar_02_2020","videoTag":"HTML, CSS, Git","videoUrl":"https://qaae-class-videos.s3.amazonaws.com/QAAE2001/Class_03_Mar_02_2020.mp4","isActive":"Active","fileType":"Video"},{"classVideoId":"a8507d2a-9349-4a68-a3a1-b1dd59981785","courseName":"QAAE","batchNo":"QAAE2001","videoFile":"Class_04_Mar_04_2020","videoTag":"Linux, EC2, AWS Account","videoUrl":"https://qaae-class-videos.s3.amazonaws.com/QAAE2001/Class_04_Mar_04_2020.mp4","isActive":"Active","fileType":"Video"},{"classVideoId":"e545bf6f-d997-473c-b101-2167196ae4ec","courseName":"QAAE","batchNo":"QAAE2001","videoFile":"Class_05_Mar_09_2020","videoTag":"Networking, IP, Server, Ports, Protocol","videoUrl":"https://qaae-class-videos.s3.amazonaws.com/QAAE2001/Class_05_Mar_09_2020.mp4","isActive":"Active","fileType":"Video"},{"classVideoId":"533a0df8-cee9-4382-97af-fecba83b29f4","courseName":"QAAE","batchNo":"QAAE2001","videoFile":"Class_06_Mar_11_2020","videoTag":"SQL, Postgresql Installation, RDBMS, NoSQL","videoUrl":"https://qaae-class-videos.s3.amazonaws.com/QAAE2001/Class_06_Mar_11_2020.mp4","isActive":"Active","fileType":"Video"},{"classVideoId":"529a92ae-162b-495f-95c9-c2cae112957a","courseName":"QAAE","batchNo":"QAAE2001","videoFile":"Class_07_Mar_16_2020","videoTag":"PostgreSQL","videoUrl":"https://qaae-class-videos.s3.amazonaws.com/QAAE2001/Class_07_Mar_16_2020.mp4","isActive":"Active","fileType":"Video"},{"classVideoId":"e2991215-f55f-44e1-aee8-eceb2e7244ef","courseName":"QAAE","batchNo":"QAAE2001","videoFile":"Class_08_Mar_18_2020","videoTag":"PostgreSQL","videoUrl":"https://qaae-class-videos.s3.amazonaws.com/QAAE2001/Class_08_Mar_18_2020.mp4","isActive":"Active","fileType":"Video"},{"classVideoId":"09d746bd-1c92-41cf-8976-6c9a90120476","courseName":"QAAE","batchNo":"QAAE2001","videoFile":"Class_09_Mar_23_2020","videoTag":"Installation, .bash_profile, Java Basic, Book Life cycle Compiler? Why we are using JDK, JRE? HeadFirst Reading Instructions ","videoUrl":"https://qaae-class-videos.s3.amazonaws.com/QAAE2001/Class_09_Mar_23_2020.mp4","isActive":"Active","fileType":"Video"},{"classVideoId":"a5e99f17-f026-4a8f-af1a-36699d6bf446","courseName":"QAAE","batchNo":"QAAE2001","videoFile":"Class_10_Mar_25_2020","videoTag":"Java Basic, Lifecycle, Main method","videoUrl":"https://qaae-class-videos.s3.amazonaws.com/QAAE2001/Class_10_Mar_25_2020.mp4","isActive":"Active","fileType":"Video"},{"classVideoId":"1a4e82a3-205f-41ed-ae79-619caccf65b5","courseName":"QAAE","batchNo":"QAAE2001","videoFile":"Class_11_Mar_30_2020","videoTag":"Java03 Class, Object, Method, Data Type, Variable, Constructor","videoUrl":"https://qaae-class-videos.s3.amazonaws.com/QAAE2001/Class_11_Mar_30_2020.mp4","isActive":"Active","fileType":"Video"},{"classVideoId":"39203159-58e5-437b-abf1-1b5ef4ef8571","courseName":"QAAE","batchNo":"QAAE2001","videoFile":"Class_12_April_01_2020","videoTag":"Signature, Parameter, Control flow, Constructor","videoUrl":"https://qaae-class-videos.s3.amazonaws.com/QAAE2001/Class_12_April_01_2020.mp4","isActive":"Active","fileType":"Video"},{"classVideoId":"118b7ca4-c447-4a6e-815e-1e5a3453058f","courseName":"QAAE","batchNo":"QAAE2001","videoFile":"Class_13_April_06_2020","videoTag":"For loop, For each loop, Switch block, Singleton class Sting API documentation Java Memory, Array, final","videoUrl":"https://qaae-class-videos.s3.amazonaws.com/QAAE2001/Class_13_April_06_2020.mp4","isActive":"Active","fileType":"Video"},{"classVideoId":"2d4a4b5c-8393-4a31-b74e-438247a15939","courseName":"QAAE","batchNo":"QAAE2001","videoFile":"Class_14_April_08_2020","videoTag":"Inheritance, Super, Overloading, Overriding ","videoUrl":"https://qaae-class-videos.s3.amazonaws.com/QAAE2001/Class_14_April_08_2020.mp4","isActive":"Active","fileType":"Video"},{"classVideoId":"7a8c8b90-4a15-46cf-8e52-81a7ef58509c","courseName":"QAAE","batchNo":"QAAE2001","videoFile":"Class_15_April_13_2020","videoTag":"Instance Variable, Local variable, Class variable,Exception, Error,StringBuffer, StringBuilder, Final, Finally, Finalize, Thread, String Immutable","videoUrl":"https://qaae-class-videos.s3.amazonaws.com/QAAE2001/Class_15_April_13_2020.mp4","isActive":"Active","fileType":"Video"},{"classVideoId":"82c31c04-4ad9-4d2a-b626-06e25d8492fe","courseName":"QAAE","batchNo":"QAAE2001","videoFile":"Class_16_April_15_2020","videoTag":"Java","videoUrl":"https://qaae-class-videos.s3.amazonaws.com/QAAE2001/Class_16_April_15_2020.mp4","isActive":"Active","fileType":"Video"},{"classVideoId":"c240364a-4f1b-4ced-ad9b-2daffbb62c78","courseName":"QAAE","batchNo":"QAAE2001","videoFile":"Class_17_April_20_2020","videoTag":"Unit Testing, TestNG, Maven, Maven Lifecycle, Java IO","videoUrl":"https://qaae-class-videos.s3.amazonaws.com/QAAE2001/Class_17_April_20_2020.mp4","isActive":"Active","fileType":"Video"},{"classVideoId":"4be96ecb-d10b-4dd4-8066-c22c11fd2935","courseName":"QAAE","batchNo":"QAAE2001","videoFile":"Class_18_April_22_2020mp4","videoTag":"Work with MySQL, PostgreSQL and AWS S3 bucket Programmatically, Reading data from .properties file","videoUrl":"https://qaae-class-videos.s3.amazonaws.com/QAAE2001/Class_18_April_22_2020.mp4.mp4","isActive":"Active","fileType":"Video"},{"classVideoId":"c0c4b3e4-ccdf-4ad7-a7c5-447ddd5f99c6","courseName":"QAAE","batchNo":"QAAE2001","videoFile":"Class_19_April_26_2020","videoTag":"No SQL Basic, AWS DynamoDB, AWS CLI, AWS-SDK-DynamoDB, AWS Profile, DynamoDB Operation by AWS CLI and Java","videoUrl":"https://qaae-class-videos.s3.amazonaws.com/QAAE2001/Class_19_April_26_2020.mp4","isActive":"Active","fileType":"Video"},{"classVideoId":"8eba6133-3ef3-4142-b00b-c7ddc6b5f241","courseName":"QAAE","batchNo":"QAAE2001","videoFile":"Class_20_May_02_2020","videoTag":"Automation 101, Web Automation, Selenium Architecture","videoUrl":"https://qaae-class-videos.s3.amazonaws.com/QAAE2001/Class_20_May_02_2020.mp4","isActive":"Active","fileType":"Video"},{"classVideoId":"5e80e0e5-1aea-4920-9288-dc519bb8cf3a","courseName":"QAAE","batchNo":"QAAE2001","videoFile":"Class_21_May_03_2020","videoTag":"Page Object Model Design Pattern, WebAutomation Framework","videoUrl":"https://qaae-class-videos.s3.amazonaws.com/QAAE2001/Class_21_May_03_2020.mp4","isActive":"Active","fileType":"Video"},{"classVideoId":"01db2078-8277-4343-9f05-a90a0bbfd5a3","courseName":"QAAE","batchNo":"QAAE2001","videoFile":"Class_22_May_09_2020","videoTag":"WebAutomation_Class_03","videoUrl":"https://qaae-class-videos.s3.amazonaws.com/QAAE2001/Class_22_May_09_2020.mp4","isActive":"Active","fileType":"Video"},{"classVideoId":"3a6f2314-ac63-4d54-a323-01aa9766d725","courseName":"QAAE","batchNo":"QAAE2001","videoFile":"Class_23_May_10_2020","videoTag":"WebAutomation_Class_04","videoUrl":"https://qaae-class-videos.s3.amazonaws.com/QAAE2001/Class_23_May_10_2020.mp4","isActive":"Active","fileType":"Video"},{"classVideoId":"b74eafff-5e4f-4835-a063-990e0e5b00ba","courseName":"QAAE","batchNo":"QAAE2001","videoFile":"Class_24_May_16_2020","vid"
2020-06-06 14:03:15 DEBUG wire:86 -  << "eoTag":"WebAutomation_05 Review and API_Class01","videoUrl":"https://qaae-class-videos.s3.amazonaws.com/QAAE2001/Class_24_May_16_2020.mp4","isActive":"Active","fileType":"Video"},{"classVideoId":"a5472c4e-e319-46c6-a832-f226a5cc890f","courseName":"QAAE","batchNo":"QAAE2001","videoFile":"Class_25_May_17_2020","videoTag":"API Testing, Jira Familiarization,  API Testing Using JMeter","videoUrl":"https://qaae-class-videos.s3.amazonaws.com/QAAE2001/Class_25_May_17_2020.mp4","isActive":"Active","fileType":"Video"},{"classVideoId":"ac879935-7921-4ffb-b8fd-7c775bb089e2","courseName":"QAAE","batchNo":"QAAE2001","videoFile":"Class_26_May_20_2020","videoTag":"JMeter API Testing","videoUrl":"https://qaae-class-videos.s3.amazonaws.com/QAAE2001/Class_26_May_20_2020.mp4","isActive":"Active","fileType":"Video"},{"classVideoId":"f3a87706-99ce-4ee9-a57b-59dae223405e","courseName":"QAAE","batchNo":"QAAE2001","videoFile":"Class_27_May_27_2020","videoTag":"API Automation using RestAssured","videoUrl":"https://qaae-class-videos.s3.amazonaws.com/QAAE2001/Class_27_May_27_2020.mp4","isActive":"Active","fileType":"Video"},{"classVideoId":"05293a42-4170-4e50-bfe4-3dad2a8d2e60","courseName":"QAAE","batchNo":"QAAE2001","videoFile":"Class_28_June_01_2020","videoTag":"Mobile_Automation","videoUrl":"https://qaae-class-videos.s3.amazonaws.com/QAAE2001/Class_28_June_01_2020.mp4","isActive":"Active","fileType":"Video"},{"classVideoId":"1fdca672-be6f-46f4-b010-3901659f6f93","courseName":"QAAE","batchNo":"QAAE2001","videoFile":"Class_29_June_03_2020","videoTag":"Mobile Automation","videoUrl":"https://qaae-class-videos.s3.amazonaws.com/QAAE2001/Class_29_June_03_2020.mp4","isActive":"Active","fileType":"Video"}]}"
2020-06-06 14:03:15 DEBUG BasicClientConnectionManager:203 - Releasing connection org.apache.http.impl.conn.ManagedClientConnectionImpl@2289aca5
2020-06-06 14:03:15 DEBUG BasicClientConnectionManager:228 - Connection can be kept alive indefinitely
2020-06-06 14:03:15 DEBUG TestUtils:17 - String Response{"message":"success","data":[{"classVideoId":"7c9bb7da-52e8-4b7d-a98b-5e0325e6283c","courseName":"QAAE","batchNo":"QAAE2001","videoFile":"Class_01_Feb_24_2020","videoTag":"SDLC","videoUrl":"https://qaae-class-videos.s3.amazonaws.com/QAAE2001/Class_01_Feb_24_2020.mp4","isActive":"Active","fileType":"Video"},{"classVideoId":"2d45075b-9c78-4f21-b886-3820dfd64d28","courseName":"QAAE","batchNo":"QAAE2001","videoFile":"Class_02_Feb_26_2020","videoTag":"SDLC, Agile, Agile Team","videoUrl":"https://qaae-class-videos.s3.amazonaws.com/QAAE2001/Class_02_Feb_26_2020.mp4","isActive":"Active","fileType":"Video"},{"classVideoId":"06ab2d5a-8c0c-4085-a118-6d320380a4a7","courseName":"QAAE","batchNo":"QAAE2001","videoFile":"Class_03_Mar_02_2020","videoTag":"HTML, CSS, Git","videoUrl":"https://qaae-class-videos.s3.amazonaws.com/QAAE2001/Class_03_Mar_02_2020.mp4","isActive":"Active","fileType":"Video"},{"classVideoId":"a8507d2a-9349-4a68-a3a1-b1dd59981785","courseName":"QAAE","batchNo":"QAAE2001","videoFile":"Class_04_Mar_04_2020","videoTag":"Linux, EC2, AWS Account","videoUrl":"https://qaae-class-videos.s3.amazonaws.com/QAAE2001/Class_04_Mar_04_2020.mp4","isActive":"Active","fileType":"Video"},{"classVideoId":"e545bf6f-d997-473c-b101-2167196ae4ec","courseName":"QAAE","batchNo":"QAAE2001","videoFile":"Class_05_Mar_09_2020","videoTag":"Networking, IP, Server, Ports, Protocol","videoUrl":"https://qaae-class-videos.s3.amazonaws.com/QAAE2001/Class_05_Mar_09_2020.mp4","isActive":"Active","fileType":"Video"},{"classVideoId":"533a0df8-cee9-4382-97af-fecba83b29f4","courseName":"QAAE","batchNo":"QAAE2001","videoFile":"Class_06_Mar_11_2020","videoTag":"SQL, Postgresql Installation, RDBMS, NoSQL","videoUrl":"https://qaae-class-videos.s3.amazonaws.com/QAAE2001/Class_06_Mar_11_2020.mp4","isActive":"Active","fileType":"Video"},{"classVideoId":"529a92ae-162b-495f-95c9-c2cae112957a","courseName":"QAAE","batchNo":"QAAE2001","videoFile":"Class_07_Mar_16_2020","videoTag":"PostgreSQL","videoUrl":"https://qaae-class-videos.s3.amazonaws.com/QAAE2001/Class_07_Mar_16_2020.mp4","isActive":"Active","fileType":"Video"},{"classVideoId":"e2991215-f55f-44e1-aee8-eceb2e7244ef","courseName":"QAAE","batchNo":"QAAE2001","videoFile":"Class_08_Mar_18_2020","videoTag":"PostgreSQL","videoUrl":"https://qaae-class-videos.s3.amazonaws.com/QAAE2001/Class_08_Mar_18_2020.mp4","isActive":"Active","fileType":"Video"},{"classVideoId":"09d746bd-1c92-41cf-8976-6c9a90120476","courseName":"QAAE","batchNo":"QAAE2001","videoFile":"Class_09_Mar_23_2020","videoTag":"Installation, .bash_profile, Java Basic, Book Life cycle Compiler? Why we are using JDK, JRE? HeadFirst Reading Instructions ","videoUrl":"https://qaae-class-videos.s3.amazonaws.com/QAAE2001/Class_09_Mar_23_2020.mp4","isActive":"Active","fileType":"Video"},{"classVideoId":"a5e99f17-f026-4a8f-af1a-36699d6bf446","courseName":"QAAE","batchNo":"QAAE2001","videoFile":"Class_10_Mar_25_2020","videoTag":"Java Basic, Lifecycle, Main method","videoUrl":"https://qaae-class-videos.s3.amazonaws.com/QAAE2001/Class_10_Mar_25_2020.mp4","isActive":"Active","fileType":"Video"},{"classVideoId":"1a4e82a3-205f-41ed-ae79-619caccf65b5","courseName":"QAAE","batchNo":"QAAE2001","videoFile":"Class_11_Mar_30_2020","videoTag":"Java03 Class, Object, Method, Data Type, Variable, Constructor","videoUrl":"https://qaae-class-videos.s3.amazonaws.com/QAAE2001/Class_11_Mar_30_2020.mp4","isActive":"Active","fileType":"Video"},{"classVideoId":"39203159-58e5-437b-abf1-1b5ef4ef8571","courseName":"QAAE","batchNo":"QAAE2001","videoFile":"Class_12_April_01_2020","videoTag":"Signature, Parameter, Control flow, Constructor","videoUrl":"https://qaae-class-videos.s3.amazonaws.com/QAAE2001/Class_12_April_01_2020.mp4","isActive":"Active","fileType":"Video"},{"classVideoId":"118b7ca4-c447-4a6e-815e-1e5a3453058f","courseName":"QAAE","batchNo":"QAAE2001","videoFile":"Class_13_April_06_2020","videoTag":"For loop, For each loop, Switch block, Singleton class Sting API documentation Java Memory, Array, final","videoUrl":"https://qaae-class-videos.s3.amazonaws.com/QAAE2001/Class_13_April_06_2020.mp4","isActive":"Active","fileType":"Video"},{"classVideoId":"2d4a4b5c-8393-4a31-b74e-438247a15939","courseName":"QAAE","batchNo":"QAAE2001","videoFile":"Class_14_April_08_2020","videoTag":"Inheritance, Super, Overloading, Overriding ","videoUrl":"https://qaae-class-videos.s3.amazonaws.com/QAAE2001/Class_14_April_08_2020.mp4","isActive":"Active","fileType":"Video"},{"classVideoId":"7a8c8b90-4a15-46cf-8e52-81a7ef58509c","courseName":"QAAE","batchNo":"QAAE2001","videoFile":"Class_15_April_13_2020","videoTag":"Instance Variable, Local variable, Class variable,Exception, Error,StringBuffer, StringBuilder, Final, Finally, Finalize, Thread, String Immutable","videoUrl":"https://qaae-class-videos.s3.amazonaws.com/QAAE2001/Class_15_April_13_2020.mp4","isActive":"Active","fileType":"Video"},{"classVideoId":"82c31c04-4ad9-4d2a-b626-06e25d8492fe","courseName":"QAAE","batchNo":"QAAE2001","videoFile":"Class_16_April_15_2020","videoTag":"Java","videoUrl":"https://qaae-class-videos.s3.amazonaws.com/QAAE2001/Class_16_April_15_2020.mp4","isActive":"Active","fileType":"Video"},{"classVideoId":"c240364a-4f1b-4ced-ad9b-2daffbb62c78","courseName":"QAAE","batchNo":"QAAE2001","videoFile":"Class_17_April_20_2020","videoTag":"Unit Testing, TestNG, Maven, Maven Lifecycle, Java IO","videoUrl":"https://qaae-class-videos.s3.amazonaws.com/QAAE2001/Class_17_April_20_2020.mp4","isActive":"Active","fileType":"Video"},{"classVideoId":"4be96ecb-d10b-4dd4-8066-c22c11fd2935","courseName":"QAAE","batchNo":"QAAE2001","videoFile":"Class_18_April_22_2020mp4","videoTag":"Work with MySQL, PostgreSQL and AWS S3 bucket Programmatically, Reading data from .properties file","videoUrl":"https://qaae-class-videos.s3.amazonaws.com/QAAE2001/Class_18_April_22_2020.mp4.mp4","isActive":"Active","fileType":"Video"},{"classVideoId":"c0c4b3e4-ccdf-4ad7-a7c5-447ddd5f99c6","courseName":"QAAE","batchNo":"QAAE2001","videoFile":"Class_19_April_26_2020","videoTag":"No SQL Basic, AWS DynamoDB, AWS CLI, AWS-SDK-DynamoDB, AWS Profile, DynamoDB Operation by AWS CLI and Java","videoUrl":"https://qaae-class-videos.s3.amazonaws.com/QAAE2001/Class_19_April_26_2020.mp4","isActive":"Active","fileType":"Video"},{"classVideoId":"8eba6133-3ef3-4142-b00b-c7ddc6b5f241","courseName":"QAAE","batchNo":"QAAE2001","videoFile":"Class_20_May_02_2020","videoTag":"Automation 101, Web Automation, Selenium Architecture","videoUrl":"https://qaae-class-videos.s3.amazonaws.com/QAAE2001/Class_20_May_02_2020.mp4","isActive":"Active","fileType":"Video"},{"classVideoId":"5e80e0e5-1aea-4920-9288-dc519bb8cf3a","courseName":"QAAE","batchNo":"QAAE2001","videoFile":"Class_21_May_03_2020","videoTag":"Page Object Model Design Pattern, WebAutomation Framework","videoUrl":"https://qaae-class-videos.s3.amazonaws.com/QAAE2001/Class_21_May_03_2020.mp4","isActive":"Active","fileType":"Video"},{"classVideoId":"01db2078-8277-4343-9f05-a90a0bbfd5a3","courseName":"QAAE","batchNo":"QAAE2001","videoFile":"Class_22_May_09_2020","videoTag":"WebAutomation_Class_03","videoUrl":"https://qaae-class-videos.s3.amazonaws.com/QAAE2001/Class_22_May_09_2020.mp4","isActive":"Active","fileType":"Video"},{"classVideoId":"3a6f2314-ac63-4d54-a323-01aa9766d725","courseName":"QAAE","batchNo":"QAAE2001","videoFile":"Class_23_May_10_2020","videoTag":"WebAutomation_Class_04","videoUrl":"https://qaae-class-videos.s3.amazonaws.com/QAAE2001/Class_23_May_10_2020.mp4","isActive":"Active","fileType":"Video"},{"classVideoId":"b74eafff-5e4f-4835-a063-990e0e5b00ba","courseName":"QAAE","batchNo":"QAAE2001","videoFile":"Class_24_May_16_2020","videoTag":"WebAutomation_05 Review and API_Class01","videoUrl":"https://qaae-class-videos.s3.amazonaws.com/QAAE2001/Class_24_May_16_2020.mp4","isActive":"Active","fileType":"Video"},{"classVideoId":"a5472c4e-e319-46c6-a832-f226a5cc890f","courseName":"QAAE","batchNo":"QAAE2001","videoFile":"Class_25_May_17_2020","videoTag":"API Testing, Jira Familiarization,  API Testing Using JMeter","videoUrl":"https://qaae-class-videos.s3.amazonaws.com/QAAE2001/Class_25_May_17_2020.mp4","isActive":"Active","fileType":"Video"},{"classVideoId":"ac879935-7921-4ffb-b8fd-7c775bb089e2","courseName":"QAAE","batchNo":"QAAE2001","videoFile":"Class_26_May_20_2020","videoTag":"JMeter API Testing","videoUrl":"https://qaae-class-videos.s3.amazonaws.com/QAAE2001/Class_26_May_20_2020.mp4","isActive":"Active","fileType":"Video"},{"classVideoId":"f3a87706-99ce-4ee9-a57b-59dae223405e","courseName":"QAAE","batchNo":"QAAE2001","videoFile":"Class_27_May_27_2020","videoTag":"API Automation using RestAssured","videoUrl":"https://qaae-class-videos.s3.amazonaws.com/QAAE2001/Class_27_May_27_2020.mp4","isActive":"Active","fileType":"Video"},{"classVideoId":"05293a42-4170-4e50-bfe4-3dad2a8d2e60","courseName":"QAAE","batchNo":"QAAE2001","videoFile":"Class_28_June_01_2020","videoTag":"Mobile_Automation","videoUrl":"https://qaae-class-videos.s3.amazonaws.com/QAAE2001/Class_28_June_01_2020.mp4","isActive":"Active","fileType":"Video"},{"classVideoId":"1fdca672-be6f-46f4-b010-3901659f6f93","courseName":"QAAE","batchNo":"QAAE2001","videoFile":"Class_29_June_03_2020","videoTag":"Mobile Automation","videoUrl":"https://qaae-class-videos.s3.amazonaws.com/QAAE2001/Class_29_June_03_2020.mp4","isActive":"Active","fileType":"Video"}]}
2020-06-06 14:03:15 INFO  TestUtils:22 - Parsing String Response to JSON
2020-06-06 14:03:15 DEBUG TestUtils:24 - JSON Response: io.restassured.path.json.JsonPath@76a36b71
